c:\training\3d training\trainingframework_vs2013\trainingframework\debug\trainingframework.pch
c:\training\3d training\trainingframework_vs2013\trainingframework\debug\vc140.pdb
c:\training\3d training\trainingframework_vs2013\trainingframework\debug\vc140.idb
c:\training\3d training\trainingframework_vs2013\trainingframework\debug\stdafx.obj
c:\training\3d training\trainingframework_vs2013\trainingframework\debug\camera.obj
c:\training\3d training\trainingframework_vs2013\trainingframework\debug\model.obj
c:\training\3d training\trainingframework_vs2013\trainingframework\debug\texture.obj
c:\training\3d training\trainingframework_vs2013\trainingframework\debug\trainingframework.obj
c:\training\3d training\trainingframework_vs2013\trainingframework\debug\shaders.obj
c:\training\3d training\trainingframework_vs2013\trainingframework\debug\object.obj
c:\training\3d training\trainingframework_vs2013\bin\trainingframework.ilk
c:\training\3d training\trainingframework_vs2013\bin\trainingframework.exe
c:\training\3d training\trainingframework_vs2013\bin\trainingframework.pdb
c:\training\3d training\trainingframework_vs2013\\bin\trainingframework.pdb
c:\training\3d training\trainingframework_vs2013\\bin\trainingframework.exe
c:\training\3d training\trainingframework_vs2013\\bin\trainingframework.ilk
c:\training\3d training\trainingframework_vs2013\trainingframework\debug\training.fc024ec8.tlog\cl.command.1.tlog
c:\training\3d training\trainingframework_vs2013\trainingframework\debug\training.fc024ec8.tlog\cl.read.1.tlog
c:\training\3d training\trainingframework_vs2013\trainingframework\debug\training.fc024ec8.tlog\cl.write.1.tlog
c:\training\3d training\trainingframework_vs2013\trainingframework\debug\training.fc024ec8.tlog\link.command.1.tlog
c:\training\3d training\trainingframework_vs2013\trainingframework\debug\training.fc024ec8.tlog\link.read.1.tlog
c:\training\3d training\trainingframework_vs2013\trainingframework\debug\training.fc024ec8.tlog\link.write.1.tlog
